# Logfile created on 2015-02-16 20:26:47 -0500 by logger.rb/41954
I, [2015-02-16T20:26:47.886504 #5688]  INFO -- : 0:  rake (10.3.2) from /Users/annaftaberski/.rvm/gems/ruby-2.0.0-p353/specifications/rake-10.3.2.gemspec
I, [2015-02-16T20:26:47.886966 #5688]  INFO -- : 0:  i18n (0.6.9) from /Users/annaftaberski/.rvm/gems/ruby-2.0.0-p353/specifications/i18n-0.6.9.gemspec
I, [2015-02-16T20:26:47.887385 #5688]  INFO -- : 0:  json (1.8.1) from /Users/annaftaberski/.rvm/gems/ruby-2.0.0-p353/specifications/json-1.8.1.gemspec
I, [2015-02-16T20:26:47.887773 #5688]  INFO -- : 0:  minitest (5.3.4) from /Users/annaftaberski/.rvm/gems/ruby-2.0.0-p353/specifications/minitest-5.3.4.gemspec
I, [2015-02-16T20:26:47.888143 #5688]  INFO -- : 0:  thread_safe (0.3.4) from /Users/annaftaberski/.rvm/gems/ruby-2.0.0-p353/specifications/thread_safe-0.3.4.gemspec
I, [2015-02-16T20:26:47.888502 #5688]  INFO -- : 0:  tzinfo (1.2.0) from /Users/annaftaberski/.rvm/gems/ruby-2.0.0-p353/specifications/tzinfo-1.2.0.gemspec
I, [2015-02-16T20:26:47.888858 #5688]  INFO -- : 0:  activesupport (4.1.1) from /Users/annaftaberski/.rvm/gems/ruby-2.0.0-p353/specifications/activesupport-4.1.1.gemspec
I, [2015-02-16T20:26:47.889179 #5688]  INFO -- : 0:  builder (3.2.2) from /Users/annaftaberski/.rvm/gems/ruby-2.0.0-p353/specifications/builder-3.2.2.gemspec
I, [2015-02-16T20:26:47.889494 #5688]  INFO -- : 0:  activemodel (4.1.1) from /Users/annaftaberski/.rvm/gems/ruby-2.0.0-p353/specifications/activemodel-4.1.1.gemspec
I, [2015-02-16T20:26:47.889808 #5688]  INFO -- : 0:  arel (5.0.1.20140414130214) from /Users/annaftaberski/.rvm/gems/ruby-2.0.0-p353/specifications/arel-5.0.1.20140414130214.gemspec
I, [2015-02-16T20:26:47.890136 #5688]  INFO -- : 0:  activerecord (4.1.1) from /Users/annaftaberski/.rvm/gems/ruby-2.0.0-p353/specifications/activerecord-4.1.1.gemspec
I, [2015-02-16T20:26:47.890452 #5688]  INFO -- : 0:  backports (3.6.0) from /Users/annaftaberski/.rvm/gems/ruby-2.0.0-p353/specifications/backports-3.6.0.gemspec
I, [2015-02-16T20:26:47.890833 #5688]  INFO -- : 0:  bcrypt (3.1.7) from /Users/annaftaberski/.rvm/gems/ruby-2.0.0-p353/specifications/bcrypt-3.1.7.gemspec
I, [2015-02-16T20:26:47.891158 #5688]  INFO -- : 0:  bcrypt-ruby (3.1.5) from /Users/annaftaberski/.rvm/gems/ruby-2.0.0-p353/specifications/bcrypt-ruby-3.1.5.gemspec
I, [2015-02-16T20:26:47.891478 #5688]  INFO -- : 0:  mime-types (2.3) from /Users/annaftaberski/.rvm/gems/ruby-2.0.0-p353/specifications/mime-types-2.3.gemspec
I, [2015-02-16T20:26:47.891794 #5688]  INFO -- : 0:  mini_portile (0.6.0) from /Users/annaftaberski/.rvm/gems/ruby-2.0.0-p353/specifications/mini_portile-0.6.0.gemspec
I, [2015-02-16T20:26:47.892078 #5688]  INFO -- : 0:  nokogiri (1.6.2.1) from /Users/annaftaberski/.rvm/gems/ruby-2.0.0-p353/specifications/nokogiri-1.6.2.1.gemspec
I, [2015-02-16T20:26:47.892354 #5688]  INFO -- : 0:  rack (1.5.2) from /Users/annaftaberski/.rvm/gems/ruby-2.0.0-p353/specifications/rack-1.5.2.gemspec
I, [2015-02-16T20:26:47.892636 #5688]  INFO -- : 0:  rack-test (0.6.2) from /Users/annaftaberski/.rvm/gems/ruby-2.0.0-p353/specifications/rack-test-0.6.2.gemspec
I, [2015-02-16T20:26:47.892912 #5688]  INFO -- : 0:  xpath (2.0.0) from /Users/annaftaberski/.rvm/gems/ruby-2.0.0-p353/specifications/xpath-2.0.0.gemspec
I, [2015-02-16T20:26:47.893193 #5688]  INFO -- : 0:  capybara (2.2.1) from /Users/annaftaberski/.rvm/gems/ruby-2.0.0-p353/specifications/capybara-2.2.1.gemspec
I, [2015-02-16T20:26:47.893469 #5688]  INFO -- : 0:  diff-lcs (1.2.5) from /Users/annaftaberski/.rvm/gems/ruby-2.0.0-p353/specifications/diff-lcs-1.2.5.gemspec
I, [2015-02-16T20:26:47.893763 #5688]  INFO -- : 0:  factory_girl (4.4.0) from /Users/annaftaberski/.rvm/gems/ruby-2.0.0-p353/specifications/factory_girl-4.4.0.gemspec
I, [2015-02-16T20:26:47.894028 #5688]  INFO -- : 0:  faker (1.3.0) from /Users/annaftaberski/.rvm/gems/ruby-2.0.0-p353/specifications/faker-1.3.0.gemspec
I, [2015-02-16T20:26:47.894303 #5688]  INFO -- : 0:  multi_json (1.10.1) from /Users/annaftaberski/.rvm/gems/ruby-2.0.0-p353/specifications/multi_json-1.10.1.gemspec
I, [2015-02-16T20:26:47.894595 #5688]  INFO -- : 0:  pg (0.17.1) from /Users/annaftaberski/.rvm/gems/ruby-2.0.0-p353/specifications/pg-0.17.1.gemspec
I, [2015-02-16T20:26:47.894872 #5688]  INFO -- : 0:  rack-protection (1.5.3) from /Users/annaftaberski/.rvm/gems/ruby-2.0.0-p353/specifications/rack-protection-1.5.3.gemspec
I, [2015-02-16T20:26:47.895143 #5688]  INFO -- : 0:  rspec-core (2.14.8) from /Users/annaftaberski/.rvm/gems/ruby-2.0.0-p353/specifications/rspec-core-2.14.8.gemspec
I, [2015-02-16T20:26:47.895418 #5688]  INFO -- : 0:  rspec-expectations (2.14.5) from /Users/annaftaberski/.rvm/gems/ruby-2.0.0-p353/specifications/rspec-expectations-2.14.5.gemspec
I, [2015-02-16T20:26:47.895687 #5688]  INFO -- : 0:  rspec-mocks (2.14.6) from /Users/annaftaberski/.rvm/gems/ruby-2.0.0-p353/specifications/rspec-mocks-2.14.6.gemspec
I, [2015-02-16T20:26:47.895958 #5688]  INFO -- : 0:  rspec (2.14.1) from /Users/annaftaberski/.rvm/gems/ruby-2.0.0-p353/specifications/rspec-2.14.1.gemspec
I, [2015-02-16T20:26:47.896228 #5688]  INFO -- : 0:  shotgun (0.9) from /Users/annaftaberski/.rvm/gems/ruby-2.0.0-p353/specifications/shotgun-0.9.gemspec
I, [2015-02-16T20:26:47.896501 #5688]  INFO -- : 0:  shoulda-matchers (2.6.1) from /Users/annaftaberski/.rvm/gems/ruby-2.0.0-p353/specifications/shoulda-matchers-2.6.1.gemspec
I, [2015-02-16T20:26:47.896900 #5688]  INFO -- : 0:  tilt (1.4.1) from /Users/annaftaberski/.rvm/gems/ruby-2.0.0-p353/specifications/tilt-1.4.1.gemspec
I, [2015-02-16T20:26:47.897230 #5688]  INFO -- : 0:  sinatra (1.4.5) from /Users/annaftaberski/.rvm/gems/ruby-2.0.0-p353/specifications/sinatra-1.4.5.gemspec
I, [2015-02-16T20:26:47.897543 #5688]  INFO -- : 0:  sinatra-contrib (1.4.2) from /Users/annaftaberski/.rvm/gems/ruby-2.0.0-p353/specifications/sinatra-contrib-1.4.2.gemspec
I, [2015-02-16T20:26:47.897953 #5688]  INFO -- : 0:  bundler (1.5.1) from /Users/annaftaberski/.rvm/gems/ruby-2.0.0-p353@global/specifications/bundler-1.5.1.gemspec
